Arguments: 
  /usr/local/bin/node /Users/dheeraj/.node/corepack/yarn/1.22.15/bin/yarn.js init .

PATH: 
  /Users/dheeraj/Library/Android/Sdk/tools:/Users/dheeraj/Library/Android/Sdk/tools/bin:/Users/dheeraj/Library/Android/Sdk/platform-tools:/opt/homebrew/bin:/usr/local/bin:/usr/bin:/bin:/usr/sbin:/sbin:/usr/local/go/bin:/Library/Apple/usr/bin:/Users/dheeraj/Library/Android/Sdk/tools:/Users/dheeraj/Library/Android/Sdk/tools/bin:/Users/dheeraj/Library/Android/Sdk/platform-tools:/opt/homebrew/bin:/Users/dheeraj/.fig/bin:/Users/dheeraj/.local/bin:/Users/dheeraj/fvm/default/bin:/Users/dheeraj/.pub-cache/bin:/Users/dheeraj/fvm/default/bin:/Users/dheeraj/.pub-cache/bin

Yarn version: 
  1.22.15

Node version: 
  16.14.2

Platform: 
  darwin arm64

Trace: 
  Error: canceled
      at Interface.<anonymous> (/Users/dheeraj/.node/corepack/yarn/1.22.15/lib/cli.js:137145:13)
      at Interface.emit (node:events:526:28)
      at Interface._ttyWrite (node:readline:1081:16)
      at ReadStream.onkeypress (node:readline:288:10)
      at ReadStream.emit (node:events:526:28)
      at emitKeys (node:internal/readline/utils:358:14)
      at emitKeys.next (<anonymous>)
      at ReadStream.onData (node:internal/readline/emitKeypressEvents:61:36)
      at ReadStream.emit (node:events:526:28)
      at addChunk (node:internal/streams/readable:315:12)

npm manifest: 
  No manifest

yarn manifest: 
  No manifest

Lockfile: 
  No lockfile
